<?xml version="1.0" encoding="UTF-8"?>
<testng-results skipped="0" failed="0" ignored="0" total="1" passed="1">
  <reporter-output>
  </reporter-output>
  <suite name="Default suite" duration-ms="22854" started-at="2020-03-27T17:26:42Z" finished-at="2020-03-27T17:27:05Z">
    <groups>
    </groups>
    <test name="Default test" duration-ms="22854" started-at="2020-03-27T17:26:42Z" finished-at="2020-03-27T17:27:05Z">
      <class name="tests.WebTesting">
        <test-method status="PASS" signature="Checkbox()[pri:0, instance:tests.WebTesting@36d4b5c]" name="Checkbox" duration-ms="22796" started-at="2020-03-27T17:26:42Z" finished-at="2020-03-27T17:27:05Z">
          <reporter-output>
          </reporter-output>
        </test-method> <!-- Checkbox -->
      </class> <!-- tests.WebTesting -->
    </test> <!-- Default test -->
  </suite> <!-- Default suite -->
</testng-results>
